Debugger listening on ws://127.0.0.1:9229/2f6abde4-c80d-4cb4-aefa-60a487b9fb1f
For help, see: https://nodejs.org/en/docs/inspector
Restarting 'dist/server.js'
Received SIGTERM. Shutting down gracefully...
Server has been gracefully shut down.
Debugger listening on ws://127.0.0.1:9229/7ce9ff67-0a11-4b6e-826c-5e45626b394e
For help, see: https://nodejs.org/en/docs/inspector
  <-- GET /app
TypeError: Class constructor App cannot be invoked without 'new'
    at JSXFunctionNode.toStringToBuffer (/app/node_modules/hono/dist/cjs/jsx/base.js:207:26)
    at JSXFunctionNode.toString (/app/node_modules/hono/dist/cjs/jsx/base.js:139:12)
    at Context.html (/app/node_modules/hono/dist/cjs/context.js:239:21)
    at /app/dist/server.js:102:60
    at dispatch (/app/node_modules/hono/dist/cjs/compose.js:51:23)
    at /app/node_modules/hono/dist/cjs/compose.js:52:20
    at jsxRenderer2 (/app/node_modules/hono/dist/cjs/middleware/jsx-renderer/index.js:66:10)
    at dispatch (/app/node_modules/hono/dist/cjs/compose.js:51:23)
    at /app/node_modules/hono/dist/cjs/compose.js:52:20
    at /app/dist/server.js:89:19
  --> GET /app [31m500[0m 61ms
Restarting 'dist/server.js'
Received SIGTERM. Shutting down gracefully...
Server has been gracefully shut down.
Debugger listening on ws://127.0.0.1:9229/7e3237a2-5aab-4ee3-872c-4c746a88497f
For help, see: https://nodejs.org/en/docs/inspector
  <-- GET /app
  --> GET /app [32m200[0m 40ms
Restarting 'dist/server.js'
Received SIGTERM. Shutting down gracefully...
Server has been gracefully shut down.
Debugger listening on ws://127.0.0.1:9229/a49446ea-3280-409b-9dc6-87fa5cd65091
For help, see: https://nodejs.org/en/docs/inspector
Restarting 'dist/server.js'
Received SIGTERM. Shutting down gracefully...
Server has been gracefully shut down.
Debugger listening on ws://127.0.0.1:9229/7f5da068-de63-4df7-a87d-c0b77870adbc
For help, see: https://nodejs.org/en/docs/inspector
Restarting 'dist/server.js'
Received SIGTERM. Shutting down gracefully...
Server has been gracefully shut down.
Debugger listening on ws://127.0.0.1:9229/7fa96aee-d3a5-404e-9e47-16438f268a9e
For help, see: https://nodejs.org/en/docs/inspector
  <-- GET /app
  --> GET /app [32m200[0m 48ms
  <-- GET /favicon.ico
  --> GET /favicon.ico [33m404[0m 1ms
  <-- GET /app
  --> GET /app [32m200[0m 33ms
Restarting 'dist/server.js'
Received SIGTERM. Shutting down gracefully...
Server has been gracefully shut down.
Debugger listening on ws://127.0.0.1:9229/0dbb9ad6-c9df-46e7-ab11-db21766c39af
For help, see: https://nodejs.org/en/docs/inspector
Restarting 'dist/server.js'
Received SIGTERM. Shutting down gracefully...
Server has been gracefully shut down.
Debugger listening on ws://127.0.0.1:9229/a7de442e-2e46-43d2-8222-15e4016d7f08
For help, see: https://nodejs.org/en/docs/inspector
Restarting 'dist/server.js'
Received SIGTERM. Shutting down gracefully...
Server has been gracefully shut down.
Debugger listening on ws://127.0.0.1:9229/463b44a8-c327-4a32-9d98-2b3f61592b0c
For help, see: https://nodejs.org/en/docs/inspector
Restarting 'dist/server.js'
Received SIGTERM. Shutting down gracefully...
Server has been gracefully shut down.
Debugger listening on ws://127.0.0.1:9229/3b1b16ea-af92-4527-b824-ace2c2b22d7e
For help, see: https://nodejs.org/en/docs/inspector
  <-- GET /app
  --> GET /app [32m200[0m 42ms
Restarting 'dist/server.js'
Received SIGTERM. Shutting down gracefully...
Server has been gracefully shut down.
Debugger listening on ws://127.0.0.1:9229/2fb2b2e8-881d-48ba-910a-c9fb7e74c849
For help, see: https://nodejs.org/en/docs/inspector
  <-- GET /app
  --> GET /app [32m200[0m 49ms
Restarting 'dist/server.js'
Received SIGTERM. Shutting down gracefully...
Server has been gracefully shut down.
Debugger listening on ws://127.0.0.1:9229/c06ff80d-9d08-4f8d-9727-63ca507c2d76
For help, see: https://nodejs.org/en/docs/inspector
  <-- GET /app
  --> GET /app [32m200[0m 40ms
Restarting 'dist/server.js'
Received SIGTERM. Shutting down gracefully...
Server has been gracefully shut down.
Debugger listening on ws://127.0.0.1:9229/6af8a151-2f60-4181-a011-8f2703e788d8
For help, see: https://nodejs.org/en/docs/inspector
Restarting 'dist/server.js'
Received SIGTERM. Shutting down gracefully...
Server has been gracefully shut down.
Debugger listening on ws://127.0.0.1:9229/fe655b7c-1ca1-4263-9bde-38c3109ff95b
For help, see: https://nodejs.org/en/docs/inspector
Restarting 'dist/server.js'
Received SIGTERM. Shutting down gracefully...
Server has been gracefully shut down.
Debugger listening on ws://127.0.0.1:9229/d830bc5c-b059-46bc-bdc4-8c3270ee0aea
For help, see: https://nodejs.org/en/docs/inspector
Restarting 'dist/server.js'
Received SIGTERM. Shutting down gracefully...
Server has been gracefully shut down.
Debugger listening on ws://127.0.0.1:9229/449909bb-a099-432d-ad5d-5f355dc097e0
For help, see: https://nodejs.org/en/docs/inspector
Restarting 'dist/server.js'
Received SIGTERM. Shutting down gracefully...
Server has been gracefully shut down.
Debugger listening on ws://127.0.0.1:9229/77ce16e0-0084-431f-8769-de148e01dff2
For help, see: https://nodejs.org/en/docs/inspector
